<?xml version="1.0" encoding="UTF-8"?>
<!-- Generated by org.testng.reporters.JUnitReportReporter -->
<testsuite skipped="0" hostname="DESKTOP-J61HSBV" name="com.CRM.qa.testcases.LoginpageTest" tests="3" failures="0" timestamp="05 Jan 2021 14:09:09 GMT" time="45.549" errors="0">
  <testcase name="logoinpage" time="12.945" classname="com.CRM.qa.testcases.LoginpageTest"/>
  <testcase name="validData" time="17.620" classname="com.CRM.qa.testcases.LoginpageTest"/>
  <testcase name="img" time="14.984" classname="com.CRM.qa.testcases.LoginpageTest"/>
</testsuite> <!-- com.CRM.qa.testcases.LoginpageTest -->
