<?xml version="1.0" encoding="UTF-8"?>
<!-- Generated by org.testng.reporters.JUnitReportReporter -->
<testsuite skipped="0" hostname="DESKTOP-J61HSBV" name="com.CRM.qa.testcases.HomePageTest" tests="3" failures="0" timestamp="01 Feb 2021 12:18:38 GMT" time="84.306" errors="0">
  <testcase name="LeaveLink" time="28.548" classname="com.CRM.qa.testcases.HomePageTest"/>
  <testcase name="PimLinkclick" time="28.494" classname="com.CRM.qa.testcases.HomePageTest"/>
  <testcase name="Titleverification" time="27.264" classname="com.CRM.qa.testcases.HomePageTest"/>
</testsuite> <!-- com.CRM.qa.testcases.HomePageTest -->
