<?xml version="1.0" encoding="UTF-8"?>
<!-- Generated by org.testng.reporters.JUnitReportReporter -->
<testsuite skipped="0" hostname="DESKTOP-J61HSBV" name="com.CRM.qa.testcases.Testng" tests="3" failures="0" timestamp="01 Feb 2021 12:23:02 GMT" time="0.055" errors="0">
  <testcase name="b" time="0.039" classname="com.CRM.qa.testcases.Testng"/>
  <testcase name="c" time="0.005" classname="com.CRM.qa.testcases.Testng"/>
  <testcase name="a" time="0.011" classname="com.CRM.qa.testcases.Testng"/>
</testsuite> <!-- com.CRM.qa.testcases.Testng -->
